MMSI
91800348
1056261
8219
741019
8207
91800534
99135081
930018
943001
8416
9764
9108431
8419
302
225005
8417
11141120
2
30125290
9755
741021
8004
32208890
8408
930010
715001
190009
1009262721
9861
10001321
9854
990004
472
9744
412
98599446
225007
33252370
8414
8418
59039617
9857
99999999
32629970
36699977
102012
8217
12345678
3660489
8202
9783
1
190001
32796806
8001
8013
560005
91800346
220001
8218
634
9745
31268028
349004
501794
98641870
31425700
190011
741012
91800557
31909530
669872
8402
9110192
367197
36993000
99661540
21340446
9743
99265300
9778
930019
0
1193046
36770590
9870
8413
98736304
8410
1025901368
27772746
8401
458
81561490
741010
8203
8206
84477160
9780
36926403
745180
81561495
8006
8009
91801063
990001
32034750
998877
8011
190002
8405
702007
966366
372007
8213
31773768
9766
9763
8016
9761
8406
8424491
9777
930003
741022
9762
8403
368926
3791472
1049342294
471
9747
47595741
8014
9784
91800314
99429730
9776
31864970
8661252
81561482
9756
9768
8019
8420
930012
32479354
9859
9864
8204
59039631
372018
8020
8012
42567260
3669884
9105773
741008
9748
8018
91800833
8409
31254770
3669882
8412
9767
1038198888
99273908
3660512
9751
81561480
9752
8017
8201
8007
8415
9180026
8010
8015
81561494
360007
111
702005
36823390
8003
9769
34692854
990009
9300015
270995
375
2402832
59040699
91800144
8005
416001
715006
9785
8002
8404
466
741007
9760
702008
31464089
560003
1038191574
1038396820
990008
9858
225008
99206358
9750
9765
9782
81561477
8212
445001
715009
336007
8411
7751005
9749
12834878
98633086
45388720
8216
741011
10001130
1072339762
9128365
99296650
81561492
9757
702002
225010
8208
9779
1072211352
8200
32621500
225004
9862
8205
8214
175
9781
59039624
3669881
1072350224
622
715004
473
91800312
741000
930004
91800922
9746
9753
225002
741015
560006
32831752
225006
741018
8407
9754
9868
8209
8215
623
31893110
936003
130003
